[14:37:02.570] [INFO] Storybook upgrade - v10.4.0
[14:37:02.573] [INFO] detect-projects-spinner-start: Detecting projects...
[14:37:02.574] [DEBUG] Finding Storybook projects...
[14:37:02.748] [DEBUG] Found 1 Storybook projects
[14:37:02.750] [INFO] detect-projects-spinner: Detecting projects: 1 projects
[14:37:02.750] [DEBUG] Getting Storybook data...
[14:37:02.750] [DEBUG] Getting Storybook info...
[14:37:02.755] [DEBUG] Loading main config...
[14:37:02.755] [DEBUG] Getting stories paths...
[14:37:02.765] [DEBUG] Getting package manager...
[14:37:03.195] [DEBUG] Getting package.json info for /Users/andrewangelle/code/react-glide/package.json...
[14:37:03.195] [DEBUG] Getting Storybook version...
[14:37:03.195] [DEBUG] Detecting CSF factory usage...
[14:37:03.208] [DEBUG] /.storybook - Validating before version... 8.6.18
[14:37:03.208] [DEBUG] /.storybook - Validating upgrade compatibility...
[14:37:03.208] [DEBUG] /.storybook - Fetching NPM version information...
[14:37:03.208] [DEBUG] Getting CLI versions from NPM for storybook...
[14:37:03.208] [DEBUG] Executing command: pnpm info storybook version
[14:37:03.212] [DEBUG] Getting CLI versions from NPM for storybook@next...
[14:37:03.212] [DEBUG] Executing command: pnpm info storybook@next version
[14:37:03.883] [DEBUG] /.storybook - Evaluating blockers...
[14:37:03.890] [DEBUG] Getting installed version for @storybook/experimental-addon-test...
[14:37:03.896] [DEBUG] Executing command: pnpm list "@storybook/experimental-addon-test" --json --depth=99
[14:37:04.215] [DEBUG] No installations found for @storybook/experimental-addon-test
[14:37:04.215] [INFO] detect-projects-spinner-stop: 1 project detected
[14:37:04.215] [DEBUG] Found 1 valid projects and 0 error projects
[14:37:04.215] [INFO] Upgrading from [1m8.6.18[22m to [1m10.4.0[22m
[14:37:04.216] [DEBUG] Executing command: pnpm config get minimumReleaseAge
[14:37:04.451] [INFO] upgrade-dependencies-task-start: Fetching versions to update package.json files..
[14:37:04.451] [DEBUG] Updating dependencies in /.storybook...
[14:37:04.451] [INFO] upgrade-dependencies-task: /package.json
[14:37:04.451] [DEBUG] Using cached package.json for /Users/andrewangelle/code/react-glide/package.json...
[14:37:04.451] [DEBUG] Getting CLI versions from NPM for @chromatic-com/storybook...
[14:37:04.451] [DEBUG] Executing command: pnpm info @chromatic-com/storybook version
[14:37:04.964] [DEBUG] {
  "upgradedDependencies": []
}
[14:37:04.964] [DEBUG] {
  "upgradedDevDependencies": [
    "@storybook/addon-links@^10.4.0",
    "@storybook/react@^10.4.0",
    "@storybook/react-vite@^10.4.0",
    "storybook@^10.4.0",
    "@chromatic-com/storybook@^5.2.1"
  ]
}
[14:37:04.964] [DEBUG] {
  "upgradedPeerDependencies": []
}
[14:37:04.964] [DEBUG] Getting package.json info for /Users/andrewangelle/code/react-glide/package.json...
[14:37:04.964] [DEBUG] Using cached package.json for /Users/andrewangelle/code/react-glide/package.json...
[14:37:04.965] [DEBUG] Using cached package.json for /Users/andrewangelle/code/react-glide/package.json...
[14:37:04.965] [DEBUG] Getting package.json info for /Users/andrewangelle/code/react-glide/package.json...
[14:37:04.965] [DEBUG] Using cached package.json for /Users/andrewangelle/code/react-glide/package.json...
[14:37:04.965] [DEBUG] Getting CLI versions from NPM for @storybook/addon-links...
[14:37:04.965] [DEBUG] Executing command: pnpm info @storybook/addon-links version
[14:37:05.549] [DEBUG] Getting CLI versions from NPM for @storybook/react...
[14:37:05.549] [DEBUG] Executing command: pnpm info @storybook/react version
[14:37:06.196] [DEBUG] Getting CLI versions from NPM for @storybook/react-vite...
[14:37:06.196] [DEBUG] Executing command: pnpm info @storybook/react-vite version
[14:37:06.709] [DEBUG] Using cached version for storybook...
[14:37:06.709] [DEBUG] Using cached version for @chromatic-com/storybook...
[14:37:06.709] [DEBUG] Using cached package.json for /Users/andrewangelle/code/react-glide/package.json...
[14:37:06.710] [DEBUG] Getting package.json info for /Users/andrewangelle/code/react-glide/package.json...
[14:37:06.710] [DEBUG] Using cached package.json for /Users/andrewangelle/code/react-glide/package.json...
[14:37:06.710] [DEBUG] Using cached package.json for /Users/andrewangelle/code/react-glide/package.json...
[14:37:06.710] [INFO] upgrade-dependencies-task-success: Updated package versions in package.json files
[14:37:06.710] [INFO] detect-automigrations-task-start: Detecting automigrations...
[14:37:06.710] [DEBUG] Starting automigration collection across 1 projects and 22 fixes...
[14:37:06.710] [INFO] detect-automigrations-task: Checking automigrations for /.storybook...
[14:37:06.710] [DEBUG] Processing project: /.storybook
[14:37:06.710] [DEBUG] Checking fix eslintPlugin for project /.storybook...
[14:37:06.710] [DEBUG] Using cached package.json for /Users/andrewangelle/code/react-glide/package.json...
[14:37:06.710] [DEBUG] Using cached package.json for /Users/andrewangelle/code/react-glide/package.json...
[14:37:06.711] [DEBUG] Checking fix addon-mdx-gfm-remove for project /.storybook...
[14:37:06.711] [DEBUG] Using cached package.json for /Users/andrewangelle/code/react-glide/package.json...
[14:37:06.711] [DEBUG] Checking fix addon-storysource-code-panel for project /.storybook...
[14:37:06.711] [DEBUG] Checking fix upgrade-storybook-related-dependencies for project /.storybook...
[14:37:06.711] [DEBUG] Checking for incompatible storybook packages...
[14:37:06.711] [DEBUG] Using cached package.json for /Users/andrewangelle/code/react-glide/package.json...
[14:37:06.713] [DEBUG] Using cached package.json for /Users/andrewangelle/code/react-glide/package.json...
[14:37:06.713] [DEBUG] Getting installed version for @storybook/addon-actions...
[14:37:06.713] [DEBUG] Getting installed version for @storybook/addon-essentials...
[14:37:06.713] [DEBUG] Getting installed version for @storybook/addon-interactions...
[14:37:06.713] [DEBUG] Getting installed version for @storybook/test...
[14:37:06.713] [DEBUG] Getting installed version for @chromatic-com/storybook...
[14:37:06.713] [DEBUG] Executing command: pnpm list "@storybook/addon-actions" --json --depth=99
[14:37:06.714] [DEBUG] Executing command: pnpm list "@storybook/addon-essentials" --json --depth=99
[14:37:06.715] [DEBUG] Executing command: pnpm list "@storybook/addon-interactions" --json --depth=99
[14:37:06.717] [DEBUG] Executing command: pnpm list "@storybook/test" --json --depth=99
[14:37:06.719] [DEBUG] Executing command: pnpm list "@chromatic-com/storybook" --json --depth=99
[14:37:08.110] [DEBUG] Installed version for @storybook/addon-actions: 8.6.18
[14:37:08.110] [DEBUG] Getting CLI versions from NPM for @storybook/addon-actions...
[14:37:08.110] [DEBUG] Executing command: pnpm info @storybook/addon-actions version
[14:37:08.116] [DEBUG] Installed version for @storybook/addon-interactions: 8.6.14
[14:37:08.116] [DEBUG] Getting CLI versions from NPM for @storybook/addon-interactions...
[14:37:08.116] [DEBUG] Executing command: pnpm info @storybook/addon-interactions version
[14:37:08.120] [DEBUG] Installed version for @storybook/addon-essentials: 8.6.14
[14:37:08.120] [DEBUG] Getting CLI versions from NPM for @storybook/addon-essentials...
[14:37:08.120] [DEBUG] Executing command: pnpm info @storybook/addon-essentials version
[14:37:08.163] [DEBUG] Installed version for @chromatic-com/storybook: 3.2.7
[14:37:08.163] [DEBUG] Using cached version for @chromatic-com/storybook...
[14:37:08.181] [DEBUG] Installed version for @storybook/test: 8.6.15
[14:37:08.181] [DEBUG] Getting CLI versions from NPM for @storybook/test...
[14:37:08.181] [DEBUG] Executing command: pnpm info @storybook/test version
[14:37:08.946] [DEBUG] Checking fix initial-globals for project /.storybook...
[14:37:08.948] [DEBUG] Checking fix addon-globals-api for project /.storybook...
[14:37:08.949] [DEBUG] Checking fix addon-a11y-addon-test for project /.storybook...
[14:37:08.949] [DEBUG] Checking fix consolidated-imports for project /.storybook...
[14:37:08.949] [DEBUG] Checking fix addon-experimental-test for project /.storybook...
[14:37:08.950] [DEBUG] Using cached installed version for @storybook/experimental-addon-test...
[14:37:08.950] [DEBUG] Checking fix rnstorybook-config for project /.storybook...
[14:37:08.950] [DEBUG] Using cached package.json for /Users/andrewangelle/code/react-glide/package.json...
[14:37:08.950] [DEBUG] Checking fix rn-ondevice-addons-to-device-addons for project /.storybook...
[14:37:08.950] [DEBUG] Using cached package.json for /Users/andrewangelle/code/react-glide/package.json...
[14:37:08.950] [DEBUG] Checking fix migrate-addon-console for project /.storybook...
[14:37:08.950] [DEBUG] Using cached package.json for /Users/andrewangelle/code/react-glide/package.json...
[14:37:08.950] [DEBUG] Checking fix nextjs-to-nextjs-vite for project /.storybook...
[14:37:08.950] [DEBUG] Using cached package.json for /Users/andrewangelle/code/react-glide/package.json...
[14:37:08.950] [DEBUG] Checking fix react-vite-to-tanstack-react for project /.storybook...
[14:37:08.950] [DEBUG] Using cached package.json for /Users/andrewangelle/code/react-glide/package.json...
[14:37:08.950] [DEBUG] Checking fix remove-addon-interactions for project /.storybook...
[14:37:08.950] [DEBUG] Using cached package.json for /Users/andrewangelle/code/react-glide/package.json...
[14:37:08.950] [DEBUG] Checking fix renderer-to-framework for project /.storybook...
[14:37:08.950] [DEBUG] Checking fix remove-essential-addons for project /.storybook...
[14:37:08.950] [DEBUG] Using cached package.json for /Users/andrewangelle/code/react-glide/package.json...
[14:37:08.950] [DEBUG] Checking fix addon-a11y-parameters for project /.storybook...
[14:37:08.950] [DEBUG] Checking fix remove-docs-autodocs for project /.storybook...
[14:37:08.952] [DEBUG] Checking fix wrap-getAbsolutePath for project /.storybook...
[14:37:08.954] [DEBUG] Checking fix fix-faux-esm-require for project /.storybook...
[14:37:08.954] [DEBUG] Checking fix storybookPackageNameConflict for project /.storybook...
[14:37:08.954] [DEBUG] Using cached package.json for /Users/andrewangelle/code/react-glide/package.json...
[14:37:08.954] [INFO] detect-automigrations-task: 
Automigrations detected:
[14:37:08.956] [INFO] detect-automigrations-task: [32m[32m✔[32m upgrade-storybook-related-dependencies[39m
[14:37:08.956] [INFO] detect-automigrations-task: [32m[32m✔[32m consolidated-imports[39m
[14:37:08.956] [INFO] detect-automigrations-task: [32m[32m✔[32m remove-addon-interactions[39m
[14:37:08.956] [INFO] detect-automigrations-task: [32m[32m✔[32m renderer-to-framework[39m
[14:37:08.956] [INFO] detect-automigrations-task: [32m[32m✔[32m remove-essential-addons[39m
[14:37:08.956] [INFO] detect-automigrations-task-success: 5 automigration(s) detected
[14:38:17.929] [PROMPT] Select automigrations to run {"choice":["consolidated-imports","remove-addon-interactions","renderer-to-framework","remove-essential-addons","upgrade-storybook-related-dependencies"]}
[14:38:17.933] [INFO] automigrate-/.storybook-task-start: Running automigrations for /.storybook
[14:38:17.940] [DEBUG] Using cached package.json for /Users/andrewangelle/code/react-glide/package.json...
[14:38:17.945] [INFO] automigrate-/.storybook-task: [32m[32m✔[32m upgrade-storybook-related-dependencies[39m
[14:38:17.972] [INFO] automigrate-/.storybook-task: [32m[32m✔[32m consolidated-imports[39m
[14:38:17.980] [DEBUG] Uninstalling @storybook/addon-interactions
[14:38:17.980] [DEBUG] Using cached package.json for /Users/andrewangelle/code/react-glide/package.json...
[14:38:17.980] [DEBUG] Using cached package.json for /Users/andrewangelle/code/react-glide/package.json...
[14:38:17.980] [DEBUG] Removing '@storybook/addon-interactions' from main.js addons field.
[14:38:17.987] [INFO] automigrate-/.storybook-task: [32m[32m✔[32m remove-addon-interactions[39m
[14:38:17.987] [DEBUG] 
Migrating @storybook/react to @storybook/react-vite
[14:38:17.990] [DEBUG] Updating package.json files...
[14:38:17.991] [INFO] automigrate-/.storybook-task: [32m[32m✔[32m renderer-to-framework[39m
[14:38:17.993] [DEBUG] Uninstalling @storybook/addon-essentials
[14:38:17.993] [DEBUG] Using cached package.json for /Users/andrewangelle/code/react-glide/package.json...
[14:38:17.993] [DEBUG] Using cached package.json for /Users/andrewangelle/code/react-glide/package.json...
[14:38:17.993] [DEBUG] Removing '@storybook/addon-essentials' from main.js addons field.
[14:38:17.997] [DEBUG] Uninstalling @storybook/addon-actions
[14:38:17.997] [DEBUG] Using cached package.json for /Users/andrewangelle/code/react-glide/package.json...
[14:38:17.997] [DEBUG] Using cached package.json for /Users/andrewangelle/code/react-glide/package.json...
[14:38:17.999] [DEBUG] Getting Storybook info...
[14:38:18.003] [DEBUG] Loading main config...
[14:38:18.003] [DEBUG] Getting stories paths...
[14:38:18.004] [DEBUG] Getting package manager...
[14:38:18.009] [DEBUG] Getting package.json info for /Users/andrewangelle/code/react-glide/package.json...
[14:38:18.009] [DEBUG] Getting Storybook version...
[14:38:18.009] [DEBUG] Detecting CSF factory usage...
[14:38:18.011] [INFO] Verifying @storybook/addon-docs
[14:38:18.011] [DEBUG] Getting dependency version for storybook...
[14:38:18.011] [DEBUG] Using cached package.json for /Users/andrewangelle/code/react-glide/package.json...
[14:38:18.011] [INFO] Installing @storybook/addon-docs@^10.4.0
[14:38:18.011] [DEBUG] Using cached package.json for /Users/andrewangelle/code/react-glide/package.json...
[14:38:18.011] [DEBUG] Getting CLI versions from NPM for @storybook/addon-docs...
[14:38:18.011] [DEBUG] Executing command: pnpm info @storybook/addon-docs version
[14:38:18.764] [DEBUG] Using cached package.json for /Users/andrewangelle/code/react-glide/package.json...
[14:38:18.764] [INFO] Adding '@storybook/addon-docs' to the "addons" field in /Users/andrewangelle/code/react-glide/.storybook/main.ts
[14:38:18.805] [INFO] automigrate-/.storybook-task: [32m[32m✔[32m remove-essential-addons[39m
[14:38:18.805] [INFO] automigrate-/.storybook-task-success: Completed automigrations for /.storybook
[14:38:18.805] [INFO] Installing dependencies...
[14:38:18.805] [INFO] install-dependencies-spinner-start: Installing dependencies...
[14:38:18.805] [DEBUG] Executing command: pnpm install -w
[14:38:19.190] [INFO] Installing dependencies...: Progress: resolved 1, reused 0, downloaded 0, added 0

[14:38:19.190] [INFO] install-dependencies-spinner: Installing dependencies...: Progress: resolved 1, reu
[14:38:20.191] [INFO] Installing dependencies...: Progress: resolved 188, reused 0, downloaded 0, added 0

[14:38:20.191] [INFO] install-dependencies-spinner: Installing dependencies...: Progress: resolved 188, r
[14:38:21.191] [INFO] Installing dependencies...: Progress: resolved 688, reused 0, downloaded 0, added 0

[14:38:21.191] [INFO] install-dependencies-spinner: Installing dependencies...: Progress: resolved 688, r
[14:38:21.514] [INFO] Installing dependencies...: [WARN] 11 deprecated subdependencies found: abab@2.0.6, core-js@2.6.12, domexception@4.0.0, git-raw-commits@2.0.11, glob@10.5.0, glob@7.2.3, inflight@1.0.6, q@1.5.1, rimraf@2.7.1, whatwg-encoding@2.0.0, whatwg-encoding@3.1.1

[14:38:21.514] [INFO] install-dependencies-spinner: Installing dependencies...: [WARN] 11 deprecated subd
[14:38:21.562] [INFO] Installing dependencies...: Progress: resolved 919, reused 0, downloaded 0, added 0, done

[14:38:21.562] [INFO] install-dependencies-spinner: Installing dependencies...: Progress: resolved 919, r
[14:38:21.563] [INFO] Installing dependencies...: [WARN] Issues with peer dependencies found. Run "pnpm peers check" to list them.

[14:38:21.563] [INFO] install-dependencies-spinner: Installing dependencies...: [WARN] Issues with peer d
[14:38:21.563] [INFO] Installing dependencies...: 

[14:38:21.563] [INFO] install-dependencies-spinner: Installing dependencies...: 
[14:38:21.643] [INFO] Installing dependencies...: Packages: +38 -75
++++++++++++++++++++++++++------------------------------------------------------

[14:38:21.643] [INFO] install-dependencies-spinner: Installing dependencies...: Packages: +38 -75
+++++++
[14:38:22.772] [INFO] Installing dependencies...: . prepare$ husky

[14:38:22.772] [INFO] install-dependencies-spinner: Installing dependencies...: . prepare$ husky
[14:38:23.228] [INFO] Installing dependencies...: . prepare: Done

[14:38:23.228] [INFO] install-dependencies-spinner: Installing dependencies...: . prepare: Done
[14:38:23.278] [INFO] Installing dependencies...: [ERR_PNPM_IGNORED_BUILDS] Ignored build scripts: core-js@2.6.12, esbuild@0.25.12, esbuild@0.27.7, sharp@0.34.5

Run "pnpm approve-builds" to pick which dependencies should be allowed to run scripts.

[14:38:23.279] [INFO] install-dependencies-spinner: Installing dependencies...: [ERR_PNPM_IGNORED_BUILDS]
[14:38:23.418] [ERROR] Installation of dependencies failed! {"error":"ExecaError: Command failed with exit code 1: pnpm install -w\n\nProgress: resolved 1, reused 0, downloaded 0, added 0\nProgress: resolved 188, reused 0, downloaded 0, added 0\nProgress: resolved 688, reused 0, downloaded 0, added 0\n[WARN] 11 deprecated subdependencies found: abab@2.0.6, core-js@2.6.12, domexception@4.0.0, git-raw-commits@2.0.11, glob@10.5.0, glob@7.2.3, inflight@1.0.6, q@1.5.1, rimraf@2.7.1, whatwg-encoding@2.0.0, whatwg-encoding@3.1.1\nProgress: resolved 919, reused 0, downloaded 0, added 0, done\n[WARN] Issues with peer dependencies found. Run \"pnpm peers check\" to list them.\n\nPackages: +38 -75\n++++++++++++++++++++++++++------------------------------------------------------\n. prepare$ husky\n. prepare: Done\n[ERR_PNPM_IGNORED_BUILDS] Ignored build scripts: core-js@2.6.12, esbuild@0.25.12, esbuild@0.27.7, sharp@0.34.5\n\nRun \"pnpm approve-builds\" to pick which dependencies should be allowed to run scripts.\n    at getFinalError (file:///Users/andrewangelle/.npm/_npx/a2344a67d40e0ded/node_modules/storybook/dist/_node-chunks/chunk-WKCYHYMS.js:11559:10)\n    at makeError (file:///Users/andrewangelle/.npm/_npx/a2344a67d40e0ded/node_modules/storybook/dist/_node-chunks/chunk-WKCYHYMS.js:13095:15)\n    at getAsyncResult (file:///Users/andrewangelle/.npm/_npx/a2344a67d40e0ded/node_modules/storybook/dist/_node-chunks/chunk-WKCYHYMS.js:15741:158)\n    at handlePromise (file:///Users/andrewangelle/.npm/_npx/a2344a67d40e0ded/node_modules/storybook/dist/_node-chunks/chunk-WKCYHYMS.js:15727:162)\n    at async Object.executeTaskWithSpinner (file:///Users/andrewangelle/.npm/_npx/a2344a67d40e0ded/node_modules/storybook/dist/_node-chunks/chunk-FZZ2KQY7.js:3683:11)\n    at async PNPMProxy.installDependencies (file:///Users/andrewangelle/.npm/_npx/a2344a67d40e0ded/node_modules/storybook/dist/_node-chunks/chunk-WKCYHYMS.js:9700:5)\n    at async PNPMProxy.installDependencies (file:///Users/andrewangelle/.npm/_npx/a2344a67d40e0ded/node_modules/storybook/dist/_node-chunks/chunk-WKCYHYMS.js:16713:7)\n    at async upgrade (file:///Users/andrewangelle/.npm/_npx/a2344a67d40e0ded/node_modules/@storybook/cli/dist/_node-chunks/run-CMSUW4EI.js:10420:103)\n    at async file:///Users/andrewangelle/.npm/_npx/a2344a67d40e0ded/node_modules/@storybook/cli/dist/_node-chunks/run-CMSUW4EI.js:10553:70\n    at async withTelemetry (file:///Users/andrewangelle/.npm/_npx/a2344a67d40e0ded/node_modules/storybook/dist/_node-chunks/chunk-OQIYQ5CW.js:655:12)"}
[14:38:23.418] [ERROR] install-dependencies-spinner-error: [31mInstallation of dependencies failed![39m
[14:38:23.418] [ERROR] [38;2;241;97;97mExecaError: Command failed with exit code 1: pnpm install -w

Progress: resolved 1, reused 0, downloaded 0, added 0
Progress: resolved 188, reused 0, downloaded 0, added 0
Progress: resolved 688, reused 0, downloaded 0, added 0
[WARN] 11 deprecated subdependencies found: abab@2.0.6, core-js@2.6.12, domexception@4.0.0, git-raw-commits@2.0.11, glob@10.5.0, glob@7.2.3, inflight@1.0.6, q@1.5.1, rimraf@2.7.1, whatwg-encoding@2.0.0, whatwg-encoding@3.1.1
Progress: resolved 919, reused 0, downloaded 0, added 0, done
[WARN] Issues with peer dependencies found. Run "pnpm peers check" to list them.

Packages: +38 -75
++++++++++++++++++++++++++------------------------------------------------------
. prepare$ husky
. prepare: Done
[ERR_PNPM_IGNORED_BUILDS] Ignored build scripts: core-js@2.6.12, esbuild@0.25.12, esbuild@0.27.7, sharp@0.34.5

Run "pnpm approve-builds" to pick which dependencies should be allowed to run scripts.[39m
    at getFinalError (file:///Users/andrewangelle/.npm/_npx/a2344a67d40e0ded/node_modules/storybook/dist/_node-chunks/chunk-WKCYHYMS.js:11559:10)
    at makeError (file:///Users/andrewangelle/.npm/_npx/a2344a67d40e0ded/node_modules/storybook/dist/_node-chunks/chunk-WKCYHYMS.js:13095:15)
    at getAsyncResult (file:///Users/andrewangelle/.npm/_npx/a2344a67d40e0ded/node_modules/storybook/dist/_node-chunks/chunk-WKCYHYMS.js:15741:158)
    at handlePromise (file:///Users/andrewangelle/.npm/_npx/a2344a67d40e0ded/node_modules/storybook/dist/_node-chunks/chunk-WKCYHYMS.js:15727:162)
    at async Object.executeTaskWithSpinner (file:///Users/andrewangelle/.npm/_npx/a2344a67d40e0ded/node_modules/storybook/dist/_node-chunks/chunk-FZZ2KQY7.js:3683:11)
    at async PNPMProxy.installDependencies (file:///Users/andrewangelle/.npm/_npx/a2344a67d40e0ded/node_modules/storybook/dist/_node-chunks/chunk-WKCYHYMS.js:9700:5)
    at async PNPMProxy.installDependencies (file:///Users/andrewangelle/.npm/_npx/a2344a67d40e0ded/node_modules/storybook/dist/_node-chunks/chunk-WKCYHYMS.js:16713:7)
    at async upgrade (file:///Users/andrewangelle/.npm/_npx/a2344a67d40e0ded/node_modules/@storybook/cli/dist/_node-chunks/run-CMSUW4EI.js:10420:103)
    at async file:///Users/andrewangelle/.npm/_npx/a2344a67d40e0ded/node_modules/@storybook/cli/dist/_node-chunks/run-CMSUW4EI.js:10553:70
    at async withTelemetry (file:///Users/andrewangelle/.npm/_npx/a2344a67d40e0ded/node_modules/storybook/dist/_node-chunks/chunk-OQIYQ5CW.js:655:12)
[14:38:23.426] [INFO] Storybook collects completely anonymous usage telemetry. We use it to shape Storybook's roadmap and prioritize features. You can learn more, including how to opt out, at https://storybook.js.org/telemetry
[14:38:24.213] [ERROR] ExecaError: Command failed with exit code 1: pnpm install -w

Progress: resolved 1, reused 0, downloaded 0, added 0
Progress: resolved 188, reused 0, downloaded 0, added 0
Progress: resolved 688, reused 0, downloaded 0, added 0
[WARN] 11 deprecated subdependencies found: abab@2.0.6, core-js@2.6.12, domexception@4.0.0, git-raw-commits@2.0.11, glob@10.5.0, glob@7.2.3, inflight@1.0.6, q@1.5.1, rimraf@2.7.1, whatwg-encoding@2.0.0, whatwg-encoding@3.1.1
Progress: resolved 919, reused 0, downloaded 0, added 0, done
[WARN] Issues with peer dependencies found. Run "pnpm peers check" to list them.

Packages: +38 -75
++++++++++++++++++++++++++------------------------------------------------------
. prepare$ husky
. prepare: Done
[ERR_PNPM_IGNORED_BUILDS] Ignored build scripts: core-js@2.6.12, esbuild@0.25.12, esbuild@0.27.7, sharp@0.34.5

Run "pnpm approve-builds" to pick which dependencies should be allowed to run scripts.